<?xml version="1.0" encoding="UTF-8"?>
<testsuite name="powerpackage.PowerFinderTest" tests="4" skipped="0" failures="0" errors="0" timestamp="2022-02-12T18:21:15" hostname="KITTY" time="0.015">
  <properties/>
  <testcase name="oneRaisedToThePowerone()" classname="powerpackage.PowerFinderTest" time="0.012"/>
  <testcase name="twoRaisedToThePowerTwo()" classname="powerpackage.PowerFinderTest" time="0.001"/>
  <testcase name="twoRaisedToThePowerone()" classname="powerpackage.PowerFinderTest" time="0.001"/>
  <testcase name="threeRaisedToThePowerTwo()" classname="powerpackage.PowerFinderTest" time="0.001"/>
  <system-out><![CDATA[]]></system-out>
  <system-err><![CDATA[]]></system-err>
</testsuite>
